<?xml version="1.0" encoding="UTF-8"?>
<testsuites name="Receive_Samples" time="39.007" tests="2" failures="0" skips="0" errors="0">
   <testsuite name="Receive_Samples" tests="2" failures="0" errors="0" time="39.007" skips="0" timestamp="2021-02-03 10:58:15" hostname="dperez - MXENG-LAP15.biosoftinc.com" id="Test Suites/Receive_Samples">
      <properties>
         <property name="deviceName" value=""/>
         <property name="devicePlatform" value=""/>
         <property name="logFolder" value="C:\\src\\projects\\KatalonGitTest\\Reports\\20210203_105812\\Receive_Samples\\20210203_105813"/>
         <property name="logFiles" value="C:\\src\\projects\\KatalonGitTest\\Reports\\20210203_105812\\Receive_Samples\\20210203_105813\\execution0.log"/>
         <property name="attachments" value=""/>
         <property name="hostName" value="dperez - MXENG-LAP15.biosoftinc.com"/>
         <property name="os" value="Windows 10 64bit"/>
         <property name="katalonVersion" value="7.9.0.208"/>
         <property name="browser" value="Chrome 88.0.4324.104"/>
         <property name="hostAddress" value="10.2.1.205"/>
         <property name="sessionId" value="250d8c46a59681904b1a2c7274b0821d"/>
         <property name="seleniumVersion" value="3.141.59"/>
         <property name="proxyInformation" value="ProxyInformation { proxyOption=NO_PROXY, proxyServerType=HTTP, username=, password=********, proxyServerAddress=, proxyServerPort=0, executionList=&quot;&quot;, isApplyToDesiredCapabilities=true }"/>
         <property name="platform" value="Windows 10"/>
      </properties>
      <testcase name="Test Cases/Login" time="14.546" classname="Test Cases/Login" status="PASSED">
         <system-out><![CDATA[2021-02-03 10:58:16 - [TEST_CASE][PASSED] - Test Cases/Login: Test Cases/Login

2021-02-03 10:58:17 - [TEST_STEP][PASSED] - openBrowser("http://10.2.1.16:8080/Okazaki/"): Browser is opened with url: 'http://10.2.1.16:8080/Okazaki/'

2021-02-03 10:58:17 - [MESSAGE][INFO] - Starting 'Chrome' driver

2021-02-03 10:58:17 - [MESSAGE][INFO] - Action delay is set to 0 milliseconds

2021-02-03 10:58:22 - [MESSAGE][PASSED] - Browser is opened with url: 'http://10.2.1.16:8080/Okazaki/'

2021-02-03 10:58:22 - [TEST_STEP][PASSED] - maximizeWindow(): Current window maximized

2021-02-03 10:58:24 - [MESSAGE][PASSED] - Current window maximized

2021-02-03 10:58:24 - [TEST_STEP][PASSED] - setText(findTestObject("Login/Page_Avera Login/txt_username"), username): Text 'dperez' is set on object 'Object Repository/Login/Page_Avera Login/txt_username'

2021-02-03 10:58:25 - [MESSAGE][PASSED] - Text 'dperez' is set on object 'Object Repository/Login/Page_Avera Login/txt_username'

2021-02-03 10:58:25 - [TEST_STEP][PASSED] - setText(findTestObject("Login/Page_Avera Login/txt_password"), password): Text '12345' is set on object 'Object Repository/Login/Page_Avera Login/txt_password'

2021-02-03 10:58:26 - [MESSAGE][PASSED] - Text '12345' is set on object 'Object Repository/Login/Page_Avera Login/txt_password'

2021-02-03 10:58:26 - [TEST_STEP][PASSED] - click(findTestObject("Login/Page_Avera Login/btn_login")): Object: 'Object Repository/Login/Page_Avera Login/btn_login' is clicked on

2021-02-03 10:58:31 - [MESSAGE][PASSED] - Object: 'Object Repository/Login/Page_Avera Login/btn_login' is clicked on]]></system-out>
         <system-err><![CDATA[]]></system-err>
      </testcase>
      <testcase name="Test Cases/Receive_Samples" time="22.577" classname="Test Cases/Receive_Samples" status="PASSED">
         <system-out><![CDATA[2021-02-03 10:58:31 - [TEST_CASE][PASSED] - Test Cases/Receive_Samples: Test Cases/Receive_Samples

2021-02-03 10:58:31 - [TEST_STEP][PASSED] - click(findTestObject("Receive Samples/Page_Avera/span_samplemanagement")): Object: 'Object Repository/Receive Samples/Page_Avera/span_samplemanagement' is clicked on

2021-02-03 10:58:32 - [MESSAGE][PASSED] - Object: 'Object Repository/Receive Samples/Page_Avera/span_samplemanagement' is clicked on

2021-02-03 10:58:32 - [TEST_STEP][PASSED] - click(findTestObject("Receive Samples/Page_Avera/span_receivesamples")): Object: 'Object Repository/Receive Samples/Page_Avera/span_receivesamples' is clicked on

2021-02-03 10:58:32 - [MESSAGE][PASSED] - Object: 'Object Repository/Receive Samples/Page_Avera/span_receivesamples' is clicked on

2021-02-03 10:58:32 - [TEST_STEP][PASSED] - click(findTestObject("Receive Samples/Page_Avera/div_option")): Object: 'Object Repository/Receive Samples/Page_Avera/div_option' is clicked on

2021-02-03 10:58:39 - [MESSAGE][PASSED] - Object: 'Object Repository/Receive Samples/Page_Avera/div_option' is clicked on

2021-02-03 10:58:39 - [TEST_STEP][PASSED] - click(findTestObject("Receive Samples/Page_Avera/li_Other")): Object: 'Object Repository/Receive Samples/Page_Avera/li_Other' is clicked on

2021-02-03 10:58:39 - [MESSAGE][PASSED] - Object: 'Object Repository/Receive Samples/Page_Avera/li_Other' is clicked on

2021-02-03 10:58:39 - [TEST_STEP][PASSED] - delay(1): Delayed 1 second(s)

2021-02-03 10:58:40 - [MESSAGE][PASSED] - Delayed 1 second(s)

2021-02-03 10:58:40 - [TEST_STEP][PASSED] - setText(findTestObject("Receive Samples/Page_Avera/txt_tube1"), "IJ8176680700"): Text 'IJ8176680700' is set on object 'Object Repository/Receive Samples/Page_Avera/txt_tube1'

2021-02-03 10:58:41 - [MESSAGE][PASSED] - Text 'IJ8176680700' is set on object 'Object Repository/Receive Samples/Page_Avera/txt_tube1'

2021-02-03 10:58:41 - [TEST_STEP][PASSED] - scrollToElement(findTestObject("Receive Samples/Page_Avera/btn_verify"), 10): Scroll to object 'Object Repository/Receive Samples/Page_Avera/btn_verify' successfully

2021-02-03 10:58:41 - [MESSAGE][PASSED] - Scroll to object 'Object Repository/Receive Samples/Page_Avera/btn_verify' successfully

2021-02-03 10:58:41 - [TEST_STEP][PASSED] - click(findTestObject("Receive Samples/Page_Avera/btn_verify")): Object: 'Object Repository/Receive Samples/Page_Avera/btn_verify' is clicked on

2021-02-03 10:58:42 - [MESSAGE][PASSED] - Object: 'Object Repository/Receive Samples/Page_Avera/btn_verify' is clicked on

2021-02-03 10:58:42 - [TEST_STEP][PASSED] - verifyTextPresent("Successfully verified task Receive Samples", false): Text 'Successfully verified task Receive Samples' is present on page 

2021-02-03 10:58:53 - [MESSAGE][PASSED] - Text 'Successfully verified task Receive Samples' is present on page 

2021-02-03 10:58:53 - [TEST_STEP][PASSED] - com.avera.demo.myCustomPrint("Receive Samples Completed"): com.avera.demo.myCustomPrint is PASSED

2021-02-03 10:58:53 - [MESSAGE][PASSED] - com.avera.demo.myCustomPrint is PASSED]]></system-out>
         <system-err><![CDATA[]]></system-err>
      </testcase>
      <system-out><![CDATA[2021-02-03 10:58:15 - [TEST_SUITE][PASSED] - Receive_Samples: Test Cases/Receive_Samples]]></system-out>
      <system-err><![CDATA[]]></system-err>
   </testsuite>
</testsuites>
